e:\trv\trb project\debug\vc141.pdb
e:\trv\trb project\debug\vc141.idb
e:\trv\trb project\debug\global.obj
e:\trv\trb project\debug\entity.obj
e:\trv\trb project\debug\engine.obj
e:\trv\trb project\debug\csx_utils.obj
e:\trv\trb project\debug\csx_memory.obj
e:\trv\trb project\debug\csx_log.obj
e:\trv\trb project\debug\csx_hook.obj
e:\trv\trb project\debug\csx_cvar.obj
e:\trv\trb project\debug\skinchanger.obj
e:\trv\trb project\debug\resolver.obj
e:\trv\trb project\debug\ragebot.obj
e:\trv\trb project\debug\lagcomp.obj
e:\trv\trb project\debug\autowall.obj
e:\trv\trb project\debug\radar.obj
e:\trv\trb project\debug\misc.obj
e:\trv\trb project\debug\client.obj
e:\trv\trb project\debug\cfgmsgpop.obj
e:\trv\trb project\debug\antiaim.obj
e:\trv\trb project\debug\aimbot.obj
e:\trv\trb project\debug\netmessages.pb.obj
e:\trv\trb project\debug\gcsystemmsgs.pb.obj
e:\trv\trb project\debug\gcsdk_gcmessages.pb.obj
e:\trv\trb project\debug\fatdemo.pb.obj
e:\trv\trb project\debug\engine_gcmessages.pb.obj
e:\trv\trb project\debug\econ_gcmessages.pb.obj
e:\trv\trb project\debug\cstrike15_gcmessages.pb.obj
e:\trv\trb project\debug\base_gcmessages.pb.obj
e:\trv\trb project\debug\math.obj
e:\trv\trb project\debug\main.obj
e:\trv\trb project\debug\imgui_impl_dx9.obj
e:\trv\trb project\debug\imgui_draw.obj
e:\trv\trb project\debug\imgui.obj
e:\trv\trb project\debug\gui.obj
e:\trv\trb project\debug\weapon.obj
e:\trv\trb project\debug\render.obj
e:\trv\trb project\debug\players.obj
e:\trv\trb project\debug\offset.obj
e:\trv\trb project\debug\netvar.obj
e:\trv\trb project\debug\hook.obj
e:\trv\trb project\debug\vmthook.obj
e:\trv\trb project\debug\settings.obj
e:\trv\trb project\debug\vmatrix.obj
e:\trv\trb project\debug\vector4d.obj
e:\trv\trb project\debug\vector2d.obj
e:\trv\trb project\debug\vector.obj
e:\trv\trb project\debug\spoofed.obj
e:\trv\trb project\debug\sounds.obj
e:\trv\trb project\debug\sdk.obj
e:\trv\trb project\debug\keyvalues.obj
e:\trv\trb project\debug\ivpanel.obj
e:\trv\trb project\debug\crc.obj
e:\trv\trb project\debug\reflectiveloader.obj
e:\trv\trb project\debug\steammessages.pb.obj
e:\trv\trb project\debug\steamdatagram_messages.pb.obj
e:\trv\trb project\debug\network_connection.pb.obj
e:\trv\trb project\debug\esp.obj
e:\trv\trb project\debug\credental.obj
e:\trv\trb project\debug\auth.obj
e:\trv\trb project\debug\trb project.dll
e:\trv\trb project\debug\trb project.ilk
e:\trv\trb project\debug\trb project.pdb
e:\trv\trb project\debug\trb project.lib
e:\trv\trb project\debug\trb project.exp
e:\trv\trb project\debug\aimbot.obj.enc
e:\trv\trb project\debug\antiaim.new.obj.enc
e:\trv\trb project\debug\auth.new.obj.enc
e:\trv\trb project\debug\autowall.new.obj.enc
e:\trv\trb project\debug\client.obj.enc
e:\trv\trb project\debug\credental.new.obj.enc
e:\trv\trb project\debug\engine.new.obj.enc
e:\trv\trb project\debug\entity.new.obj.enc
e:\trv\trb project\debug\global.new.obj.enc
e:\trv\trb project\debug\gui.obj.enc
e:\trv\trb project\debug\hook.obj.enc
e:\trv\trb project\debug\lagcomp.new.obj.enc
e:\trv\trb project\debug\main.new.obj.enc
e:\trv\trb project\debug\math.new.obj.enc
e:\trv\trb project\debug\misc.new.obj.enc
e:\trv\trb project\debug\netvar.new.obj.enc
e:\trv\trb project\debug\offset.new.obj.enc
e:\trv\trb project\debug\players.new.obj.enc
e:\trv\trb project\debug\radar.obj.enc
e:\trv\trb project\debug\ragebot.obj.enc
e:\trv\trb project\debug\render.new.obj.enc
e:\trv\trb project\debug\resolver.new.obj.enc
e:\trv\trb project\debug\settings.new.obj.enc
e:\trv\trb project\debug\skinchanger.new.obj.enc
e:\trv\trb project\debug\vmthook.new.obj.enc
e:\trv\trb project\debug\trb project.tlog\cl.command.1.tlog
e:\trv\trb project\debug\trb project.tlog\cl.read.1.tlog
e:\trv\trb project\debug\trb project.tlog\cl.write.1.tlog
e:\trv\trb project\debug\trb project.tlog\link.command.1.tlog
e:\trv\trb project\debug\trb project.tlog\link.read.1.tlog
e:\trv\trb project\debug\trb project.tlog\link.write.1.tlog
e:\trv\trb project\debug\trb project.tlog\trb project.write.1u.tlog
