e:\trv\trb project\release\engine.obj
e:\trv\trb project\release\csx_utils.obj
e:\trv\trb project\release\csx_memory.obj
e:\trv\trb project\release\csx_log.obj
e:\trv\trb project\release\csx_hook.obj
e:\trv\trb project\release\csx_cvar.obj
e:\trv\trb project\release\skin.obj
e:\trv\trb project\release\inventorychanger.obj
e:\trv\trb project\release\dynskin.obj
e:\trv\trb project\release\resolver.obj
e:\trv\trb project\release\ragebot.obj
e:\trv\trb project\release\radar.obj
e:\trv\trb project\release\misc.obj
e:\trv\trb project\release\fakelag.obj
e:\trv\trb project\release\esp.obj
e:\trv\trb project\release\client.obj
e:\trv\trb project\release\cfgmsgpop.obj
e:\trv\trb project\release\antiaim.obj
e:\trv\trb project\release\aimbot.obj
e:\trv\trb project\release\gcsystemmsgs.pb.obj
e:\trv\trb project\release\gcsdk_gcmessages.pb.obj
e:\trv\trb project\release\fatdemo.pb.obj
e:\trv\trb project\release\engine_gcmessages.pb.obj
e:\trv\trb project\release\econ_gcmessages.pb.obj
e:\trv\trb project\release\cstrike15_gcmessages.pb.obj
e:\trv\trb project\release\base_gcmessages.pb.obj
e:\trv\trb project\release\main.obj
e:\trv\trb project\release\imgui_impl_dx9.obj
e:\trv\trb project\release\imgui_draw.obj
e:\trv\trb project\release\imgui.obj
e:\trv\trb project\release\gui.obj
e:\trv\trb project\release\weapon.obj
e:\trv\trb project\release\render.obj
e:\trv\trb project\release\players.obj
e:\trv\trb project\release\offset.obj
e:\trv\trb project\release\netvar.obj
e:\trv\trb project\release\hook.obj
e:\trv\trb project\release\entity.obj
e:\trv\trb project\release\vmthook.obj
e:\trv\trb project\release\vmatrix.obj
e:\trv\trb project\release\vector4d.obj
e:\trv\trb project\release\vector2d.obj
e:\trv\trb project\release\vector.obj
e:\trv\trb project\release\spoofed.obj
e:\trv\trb project\release\sounds.obj
e:\trv\trb project\release\sdk.obj
e:\trv\trb project\release\keyvalues.obj
e:\trv\trb project\release\ivpanel.obj
e:\trv\trb project\release\crc.obj
e:\trv\trb project\release\reflectiveloader.obj
e:\trv\trb project\release\steammessages.pb.obj
e:\trv\trb project\release\steamdatagram_messages.pb.obj
e:\trv\trb project\release\network_connection.pb.obj
e:\trv\trb project\release\netmessages.pb.obj
e:\trv\trb project\release\settings.obj
e:\trv\trb project\release\math.obj
e:\trv\trb project\release\trb project.tlog\cl.command.1.tlog
e:\trv\trb project\release\trb project.tlog\cl.read.1.tlog
e:\trv\trb project\release\trb project.tlog\cl.write.1.tlog
