  Esp.cpp
  Entity.cpp
  Создание кода...
     Создается библиотека E:\TRV\TRB PROJECT\Release\Riptide.lib и объект E:\TRV\TRB PROJECT\Release\Riptide.exp
libprotobuf.lib(descriptor.obj) : warning LNK4099: "libprotobuf.pdb" PDB не найден с "libprotobuf.lib(descriptor.obj)" или на "E:\TRV\TRB PROJECT\Release\libprotobuf.pdb"; компоновка объекта выполняется как при отсутствии отладочных данных
libprotobuf.lib(descriptor.pb.obj) : warning LNK4099: "libprotobuf.pdb" PDB не найден с "libprotobuf.lib(descriptor.pb.obj)" или на "E:\TRV\TRB PROJECT\Release\libprotobuf.pdb"; компоновка объекта выполняется как при отсутствии отладочных данных
libprotobuf.lib(descriptor_database.obj) : warning LNK4099: "libprotobuf.pdb" PDB не найден с "libprotobuf.lib(descriptor_database.obj)" или на "E:\TRV\TRB PROJECT\Release\libprotobuf.pdb"; компоновка объекта выполняется как при отсутствии отладочных данных
libprotobuf.lib(dynamic_message.obj) : warning LNK4099: "libprotobuf.pdb" PDB не найден с "libprotobuf.lib(dynamic_message.obj)" или на "E:\TRV\TRB PROJECT\Release\libprotobuf.pdb"; компоновка объекта выполняется как при отсутствии отладочных данных
libprotobuf.lib(extension_set.obj) : warning LNK4099: "libprotobuf.pdb" PDB не найден с "libprotobuf.lib(extension_set.obj)" или на "E:\TRV\TRB PROJECT\Release\libprotobuf.pdb"; компоновка объекта выполняется как при отсутствии отладочных данных
libprotobuf.lib(extension_set_heavy.obj) : warning LNK4099: "libprotobuf.pdb" PDB не найден с "libprotobuf.lib(extension_set_heavy.obj)" или на "E:\TRV\TRB PROJECT\Release\libprotobuf.pdb"; компоновка объекта выполняется как при отсутствии отладочных данных
libprotobuf.lib(generated_message_reflection.obj) : warning LNK4099: "libprotobuf.pdb" PDB не найден с "libprotobuf.lib(generated_message_reflection.obj)" или на "E:\TRV\TRB PROJECT\Release\libprotobuf.pdb"; компоновка объекта выполняется как при отсутствии отладочных данных
libprotobuf.lib(generated_message_util.obj) : warning LNK4099: "libprotobuf.pdb" PDB не найден с "libprotobuf.lib(generated_message_util.obj)" или на "E:\TRV\TRB PROJECT\Release\libprotobuf.pdb"; компоновка объекта выполняется как при отсутствии отладочных данных
libprotobuf.lib(coded_stream.obj) : warning LNK4099: "libprotobuf.pdb" PDB не найден с "libprotobuf.lib(coded_stream.obj)" или на "E:\TRV\TRB PROJECT\Release\libprotobuf.pdb"; компоновка объекта выполняется как при отсутствии отладочных данных
libprotobuf.lib(tokenizer.obj) : warning LNK4099: "libprotobuf.pdb" PDB не найден с "libprotobuf.lib(tokenizer.obj)" или на "E:\TRV\TRB PROJECT\Release\libprotobuf.pdb"; компоновка объекта выполняется как при отсутствии отладочных данных
libprotobuf.lib(zero_copy_stream.obj) : warning LNK4099: "libprotobuf.pdb" PDB не найден с "libprotobuf.lib(zero_copy_stream.obj)" или на "E:\TRV\TRB PROJECT\Release\libprotobuf.pdb"; компоновка объекта выполняется как при отсутствии отладочных данных
libprotobuf.lib(zero_copy_stream_impl.obj) : warning LNK4099: "libprotobuf.pdb" PDB не найден с "libprotobuf.lib(zero_copy_stream_impl.obj)" или на "E:\TRV\TRB PROJECT\Release\libprotobuf.pdb"; компоновка объекта выполняется как при отсутствии отладочных данных
libprotobuf.lib(zero_copy_stream_impl_lite.obj) : warning LNK4099: "libprotobuf.pdb" PDB не найден с "libprotobuf.lib(zero_copy_stream_impl_lite.obj)" или на "E:\TRV\TRB PROJECT\Release\libprotobuf.pdb"; компоновка объекта выполняется как при отсутствии отладочных данных
libprotobuf.lib(message.obj) : warning LNK4099: "libprotobuf.pdb" PDB не найден с "libprotobuf.lib(message.obj)" или на "E:\TRV\TRB PROJECT\Release\libprotobuf.pdb"; компоновка объекта выполняется как при отсутствии отладочных данных
libprotobuf.lib(message_lite.obj) : warning LNK4099: "libprotobuf.pdb" PDB не найден с "libprotobuf.lib(message_lite.obj)" или на "E:\TRV\TRB PROJECT\Release\libprotobuf.pdb"; компоновка объекта выполняется как при отсутствии отладочных данных
libprotobuf.lib(reflection_ops.obj) : warning LNK4099: "libprotobuf.pdb" PDB не найден с "libprotobuf.lib(reflection_ops.obj)" или на "E:\TRV\TRB PROJECT\Release\libprotobuf.pdb"; компоновка объекта выполняется как при отсутствии отладочных данных
libprotobuf.lib(repeated_field.obj) : warning LNK4099: "libprotobuf.pdb" PDB не найден с "libprotobuf.lib(repeated_field.obj)" или на "E:\TRV\TRB PROJECT\Release\libprotobuf.pdb"; компоновка объекта выполняется как при отсутствии отладочных данных
libprotobuf.lib(atomicops_internals_x86_msvc.obj) : warning LNK4099: "libprotobuf.pdb" PDB не найден с "libprotobuf.lib(atomicops_internals_x86_msvc.obj)" или на "E:\TRV\TRB PROJECT\Release\libprotobuf.pdb"; компоновка объекта выполняется как при отсутствии отладочных данных
libprotobuf.lib(common.obj) : warning LNK4099: "libprotobuf.pdb" PDB не найден с "libprotobuf.lib(common.obj)" или на "E:\TRV\TRB PROJECT\Release\libprotobuf.pdb"; компоновка объекта выполняется как при отсутствии отладочных данных
libprotobuf.lib(once.obj) : warning LNK4099: "libprotobuf.pdb" PDB не найден с "libprotobuf.lib(once.obj)" или на "E:\TRV\TRB PROJECT\Release\libprotobuf.pdb"; компоновка объекта выполняется как при отсутствии отладочных данных
libprotobuf.lib(stringprintf.obj) : warning LNK4099: "libprotobuf.pdb" PDB не найден с "libprotobuf.lib(stringprintf.obj)" или на "E:\TRV\TRB PROJECT\Release\libprotobuf.pdb"; компоновка объекта выполняется как при отсутствии отладочных данных
libprotobuf.lib(structurally_valid.obj) : warning LNK4099: "libprotobuf.pdb" PDB не найден с "libprotobuf.lib(structurally_valid.obj)" или на "E:\TRV\TRB PROJECT\Release\libprotobuf.pdb"; компоновка объекта выполняется как при отсутствии отладочных данных
libprotobuf.lib(strutil.obj) : warning LNK4099: "libprotobuf.pdb" PDB не найден с "libprotobuf.lib(strutil.obj)" или на "E:\TRV\TRB PROJECT\Release\libprotobuf.pdb"; компоновка объекта выполняется как при отсутствии отладочных данных
libprotobuf.lib(substitute.obj) : warning LNK4099: "libprotobuf.pdb" PDB не найден с "libprotobuf.lib(substitute.obj)" или на "E:\TRV\TRB PROJECT\Release\libprotobuf.pdb"; компоновка объекта выполняется как при отсутствии отладочных данных
libprotobuf.lib(text_format.obj) : warning LNK4099: "libprotobuf.pdb" PDB не найден с "libprotobuf.lib(text_format.obj)" или на "E:\TRV\TRB PROJECT\Release\libprotobuf.pdb"; компоновка объекта выполняется как при отсутствии отладочных данных
libprotobuf.lib(unknown_field_set.obj) : warning LNK4099: "libprotobuf.pdb" PDB не найден с "libprotobuf.lib(unknown_field_set.obj)" или на "E:\TRV\TRB PROJECT\Release\libprotobuf.pdb"; компоновка объекта выполняется как при отсутствии отладочных данных
libprotobuf.lib(wire_format.obj) : warning LNK4099: "libprotobuf.pdb" PDB не найден с "libprotobuf.lib(wire_format.obj)" или на "E:\TRV\TRB PROJECT\Release\libprotobuf.pdb"; компоновка объекта выполняется как при отсутствии отладочных данных
libprotobuf.lib(wire_format_lite.obj) : warning LNK4099: "libprotobuf.pdb" PDB не найден с "libprotobuf.lib(wire_format_lite.obj)" или на "E:\TRV\TRB PROJECT\Release\libprotobuf.pdb"; компоновка объекта выполняется как при отсутствии отладочных данных
  Riptide Remastered.vcxproj -> E:\TRV\TRB PROJECT\Release\Riptide.dll
